<?xml version="1.0" encoding="UTF-8"?>
<testng-results ignored="0" total="1" passed="1" failed="0" skipped="0">
  <reporter-output>
  </reporter-output>
  <suite started-at="2022-02-26T20:42:50Z" name="ExecuteTestSuite" finished-at="2022-02-26T20:43:40Z" duration-ms="49995">
    <groups>
    </groups>
    <test started-at="2022-02-26T20:42:50Z" name="ExecuteTest" finished-at="2022-02-26T20:43:40Z" duration-ms="49995">
      <class name="aspireapp.loginpagetests.ExecuteTests">
        <test-method is-config="true" signature="setUp(java.lang.String, org.testng.ITestContext)[pri:0, instance:aspireapp.loginpagetests.ExecuteTests@71e9ddb4]" started-at="2022-02-26T20:42:50Z" name="setUp" finished-at="2022-02-26T20:42:51Z" duration-ms="1898" status="PASS">
          <params>
            <param index="0">
              <value>
                <![CDATA[chrome]]>
              </value>
            </param>
            <param index="1">
              <value>
                <![CDATA[org.testng.TestRunner@1effd53c]]>
              </value>
            </param>
          </params>
          <reporter-output>
          </reporter-output>
        </test-method> <!-- setUp -->
        <test-method signature="Test1(java.lang.String, java.lang.String, java.lang.String, java.lang.String, java.lang.String)[pri:0, instance:aspireapp.loginpagetests.ExecuteTests@71e9ddb4]" started-at="2022-02-26T20:42:51Z" name="Test1" finished-at="2022-02-26T20:43:39Z" duration-ms="47939" status="PASS">
          <params>
            <param index="0">
              <value>
                <![CDATA[https://aspireapp.odoo.com]]>
              </value>
            </param>
            <param index="1">
              <value>
                <![CDATA[user@aspireapp.com]]>
              </value>
            </param>
            <param index="2">
              <value>
                <![CDATA[@sp1r3app]]>
              </value>
            </param>
            <param index="3">
              <value>
                <![CDATA[AAAAAA52]]>
              </value>
            </param>
            <param index="4">
              <value>
                <![CDATA[55]]>
              </value>
            </param>
          </params>
          <reporter-output>
          </reporter-output>
        </test-method> <!-- Test1 -->
        <test-method is-config="true" signature="tearDown()[pri:0, instance:aspireapp.loginpagetests.ExecuteTests@71e9ddb4]" started-at="2022-02-26T20:43:39Z" name="tearDown" finished-at="2022-02-26T20:43:40Z" duration-ms="138" status="PASS">
          <reporter-output>
          </reporter-output>
        </test-method> <!-- tearDown -->
      </class> <!-- aspireapp.loginpagetests.ExecuteTests -->
    </test> <!-- ExecuteTest -->
  </suite> <!-- ExecuteTestSuite -->
</testng-results>
